{"D:\\New Polymer\\polymer-21-03-17\\t-search\\test\\t-search_test.js":{"path":"D:\\New Polymer\\polymer-21-03-17\\t-search\\test\\t-search_test.js","s":{"1":1,"2":0,"3":0,"4":0,"5":1,"6":0,"7":0,"8":0,"9":0,"10":0,"11":0,"12":0,"13":0,"14":0,"15":0,"16":0,"17":0,"18":0,"19":0,"20":0,"21":0,"22":0,"23":0,"24":0,"25":0,"26":0,"27":0,"28":0,"29":0,"30":0,"31":0,"32":0,"33":0,"34":0,"35":0,"36":0,"37":0,"38":0,"39":0,"40":0,"41":0,"42":0,"43":0,"44":0,"45":0,"46":0,"47":0,"48":0,"49":0,"50":0,"51":0,"52":0,"53":0,"54":0,"55":0,"56":0,"57":0,"58":0,"59":0,"60":0,"61":0,"62":0,"63":0,"64":0,"65":0,"66":0,"67":0,"68":0,"69":0,"70":0,"71":0,"72":0,"73":0,"74":0,"75":0,"76":0,"77":0,"78":0,"79":0,"80":0,"81":0,"82":0,"83":0,"84":0,"85":0,"86":0,"87":0,"88":0,"89":0,"90":0,"91":0,"92":0,"93":0,"94":0,"95":0,"96":0,"97":0,"98":0,"99":0,"100":0,"101":0,"102":0,"103":0,"104":0,"105":0,"106":0,"107":0,"108":0,"109":0,"110":0,"111":0,"112":0,"113":0,"114":0,"115":0,"116":0,"117":0,"118":0,"119":0,"120":0,"121":0,"122":0,"123":0,"124":0,"125":0,"126":0,"127":0,"128":0,"129":0,"130":0,"131":0,"132":0,"133":0,"134":0,"135":0,"136":0,"137":0,"138":0,"139":0},"b":{"1":[0,0],"2":[0,0],"3":[0,0],"4":[0,0],"5":[0,0],"6":[0,0],"7":[0,0],"8":[0,0],"9":[0,0],"10":[0,0],"11":[0,0],"12":[0,0],"13":[0,0],"14":[0,0],"15":[0,0],"16":[0,0],"17":[0,0],"18":[0,0],"19":[0,0],"20":[0,0]},"f":{"1":0,"2":0,"3":0,"4":0,"5":0,"6":0,"7":0,"8":0,"9":0,"10":0,"11":0,"12":0,"13":0,"14":0,"15":0,"16":0,"17":0,"18":0,"19":0,"20":0,"21":0,"22":0,"23":0,"24":0,"25":0,"26":0,"27":0,"28":0,"29":0,"30":0,"31":0,"32":0,"33":0},"fnMap":{"1":{"name":"runAfterOpen","line":30,"loc":{"start":{"line":30,"column":0},"end":{"line":30,"column":38}}},"2":{"name":"(anonymous_2)","line":31,"loc":{"start":{"line":31,"column":71},"end":{"line":31,"column":83}}},"3":{"name":"(anonymous_3)","line":36,"loc":{"start":{"line":36,"column":18},"end":{"line":36,"column":30}}},"4":{"name":"(anonymous_4)","line":39,"loc":{"start":{"line":39,"column":42},"end":{"line":39,"column":54}}},"5":{"name":"(anonymous_5)","line":44,"loc":{"start":{"line":44,"column":8},"end":{"line":44,"column":20}}},"6":{"name":"(anonymous_6)","line":50,"loc":{"start":{"line":50,"column":67},"end":{"line":50,"column":79}}},"7":{"name":"(anonymous_7)","line":61,"loc":{"start":{"line":61,"column":57},"end":{"line":61,"column":69}}},"8":{"name":"(anonymous_8)","line":70,"loc":{"start":{"line":70,"column":58},"end":{"line":70,"column":70}}},"9":{"name":"(anonymous_9)","line":92,"loc":{"start":{"line":92,"column":48},"end":{"line":92,"column":70}}},"10":{"name":"(anonymous_10)","line":105,"loc":{"start":{"line":105,"column":63},"end":{"line":105,"column":75}}},"11":{"name":"(anonymous_11)","line":107,"loc":{"start":{"line":107,"column":26},"end":{"line":107,"column":38}}},"12":{"name":"(anonymous_12)","line":118,"loc":{"start":{"line":118,"column":43},"end":{"line":118,"column":59}}},"13":{"name":"(anonymous_13)","line":121,"loc":{"start":{"line":121,"column":37},"end":{"line":121,"column":49}}},"14":{"name":"(anonymous_14)","line":149,"loc":{"start":{"line":149,"column":77},"end":{"line":149,"column":94}}},"15":{"name":"(anonymous_15)","line":162,"loc":{"start":{"line":162,"column":39},"end":{"line":162,"column":60}}},"16":{"name":"(anonymous_16)","line":175,"loc":{"start":{"line":175,"column":48},"end":{"line":175,"column":64}}},"17":{"name":"(anonymous_17)","line":187,"loc":{"start":{"line":187,"column":55},"end":{"line":187,"column":73}}},"18":{"name":"(anonymous_18)","line":197,"loc":{"start":{"line":197,"column":51},"end":{"line":197,"column":73}}},"19":{"name":"(anonymous_19)","line":205,"loc":{"start":{"line":205,"column":33},"end":{"line":205,"column":49}}},"20":{"name":"(anonymous_20)","line":215,"loc":{"start":{"line":215,"column":37},"end":{"line":215,"column":54}}},"21":{"name":"(anonymous_21)","line":227,"loc":{"start":{"line":227,"column":87},"end":{"line":227,"column":99}}},"22":{"name":"(anonymous_22)","line":230,"loc":{"start":{"line":230,"column":20},"end":{"line":230,"column":32}}},"23":{"name":"(anonymous_23)","line":240,"loc":{"start":{"line":240,"column":41},"end":{"line":240,"column":53}}},"24":{"name":"(anonymous_24)","line":241,"loc":{"start":{"line":241,"column":20},"end":{"line":241,"column":32}}},"25":{"name":"(anonymous_25)","line":251,"loc":{"start":{"line":251,"column":66},"end":{"line":251,"column":78}}},"26":{"name":"(anonymous_26)","line":253,"loc":{"start":{"line":253,"column":20},"end":{"line":253,"column":33}}},"27":{"name":"(anonymous_27)","line":255,"loc":{"start":{"line":255,"column":27},"end":{"line":255,"column":39}}},"28":{"name":"(anonymous_28)","line":262,"loc":{"start":{"line":262,"column":75},"end":{"line":262,"column":91}}},"29":{"name":"(anonymous_29)","line":275,"loc":{"start":{"line":275,"column":40},"end":{"line":275,"column":56}}},"30":{"name":"(anonymous_30)","line":289,"loc":{"start":{"line":289,"column":58},"end":{"line":289,"column":80}}},"31":{"name":"(anonymous_31)","line":298,"loc":{"start":{"line":298,"column":34},"end":{"line":298,"column":56}}},"32":{"name":"(anonymous_32)","line":309,"loc":{"start":{"line":309,"column":35},"end":{"line":309,"column":57}}},"33":{"name":"(anonymous_33)","line":321,"loc":{"start":{"line":321,"column":34},"end":{"line":321,"column":56}}}},"statementMap":{"1":{"start":{"line":30,"column":0},"end":{"line":35,"column":1}},"2":{"start":{"line":31,"column":2},"end":{"line":33,"column":5}},"3":{"start":{"line":32,"column":4},"end":{"line":32,"column":36}},"4":{"start":{"line":34,"column":2},"end":{"line":34,"column":29}},"5":{"start":{"line":36,"column":0},"end":{"line":344,"column":3}},"6":{"start":{"line":39,"column":2},"end":{"line":42,"column":5}},"7":{"start":{"line":40,"column":4},"end":{"line":40,"column":34}},"8":{"start":{"line":41,"column":4},"end":{"line":41,"column":40}},"9":{"start":{"line":43,"column":2},"end":{"line":43,"column":13}},"10":{"start":{"line":44,"column":2},"end":{"line":46,"column":5}},"11":{"start":{"line":45,"column":4},"end":{"line":45,"column":30}},"12":{"start":{"line":50,"column":2},"end":{"line":52,"column":5}},"13":{"start":{"line":51,"column":4},"end":{"line":51,"column":37}},"14":{"start":{"line":61,"column":2},"end":{"line":66,"column":5}},"15":{"start":{"line":62,"column":4},"end":{"line":62,"column":53}},"16":{"start":{"line":63,"column":4},"end":{"line":65,"column":5}},"17":{"start":{"line":64,"column":6},"end":{"line":64,"column":64}},"18":{"start":{"line":70,"column":2},"end":{"line":75,"column":5}},"19":{"start":{"line":71,"column":4},"end":{"line":71,"column":51}},"20":{"start":{"line":72,"column":4},"end":{"line":74,"column":5}},"21":{"start":{"line":73,"column":6},"end":{"line":73,"column":64}},"22":{"start":{"line":92,"column":2},"end":{"line":101,"column":5}},"23":{"start":{"line":93,"column":4},"end":{"line":99,"column":5}},"24":{"start":{"line":94,"column":6},"end":{"line":94,"column":58}},"25":{"start":{"line":95,"column":6},"end":{"line":95,"column":56}},"26":{"start":{"line":96,"column":6},"end":{"line":96,"column":52}},"27":{"start":{"line":97,"column":6},"end":{"line":97,"column":59}},"28":{"start":{"line":100,"column":4},"end":{"line":100,"column":17}},"29":{"start":{"line":105,"column":2},"end":{"line":115,"column":5}},"30":{"start":{"line":106,"column":4},"end":{"line":106,"column":56}},"31":{"start":{"line":107,"column":4},"end":{"line":113,"column":7}},"32":{"start":{"line":108,"column":6},"end":{"line":108,"column":71}},"33":{"start":{"line":109,"column":6},"end":{"line":111,"column":7}},"34":{"start":{"line":110,"column":8},"end":{"line":110,"column":39}},"35":{"start":{"line":112,"column":6},"end":{"line":112,"column":13}},"36":{"start":{"line":118,"column":2},"end":{"line":125,"column":5}},"37":{"start":{"line":119,"column":4},"end":{"line":119,"column":53}},"38":{"start":{"line":120,"column":4},"end":{"line":120,"column":48}},"39":{"start":{"line":121,"column":4},"end":{"line":123,"column":7}},"40":{"start":{"line":122,"column":6},"end":{"line":122,"column":13}},"41":{"start":{"line":124,"column":4},"end":{"line":124,"column":33}},"42":{"start":{"line":149,"column":2},"end":{"line":160,"column":5}},"43":{"start":{"line":151,"column":4},"end":{"line":151,"column":60}},"44":{"start":{"line":154,"column":4},"end":{"line":154,"column":56}},"45":{"start":{"line":155,"column":4},"end":{"line":158,"column":5}},"46":{"start":{"line":156,"column":6},"end":{"line":156,"column":59}},"47":{"start":{"line":157,"column":6},"end":{"line":157,"column":35}},"48":{"start":{"line":159,"column":4},"end":{"line":159,"column":12}},"49":{"start":{"line":162,"column":2},"end":{"line":172,"column":5}},"50":{"start":{"line":163,"column":4},"end":{"line":170,"column":5}},"51":{"start":{"line":164,"column":6},"end":{"line":164,"column":52}},"52":{"start":{"line":165,"column":6},"end":{"line":167,"column":7}},"53":{"start":{"line":166,"column":8},"end":{"line":166,"column":41}},"54":{"start":{"line":168,"column":6},"end":{"line":168,"column":52}},"55":{"start":{"line":169,"column":6},"end":{"line":169,"column":19}},"56":{"start":{"line":171,"column":4},"end":{"line":171,"column":16}},"57":{"start":{"line":175,"column":2},"end":{"line":183,"column":5}},"58":{"start":{"line":177,"column":4},"end":{"line":180,"column":5}},"59":{"start":{"line":178,"column":6},"end":{"line":178,"column":27}},"60":{"start":{"line":179,"column":6},"end":{"line":179,"column":46}},"61":{"start":{"line":181,"column":4},"end":{"line":181,"column":11}},"62":{"start":{"line":187,"column":2},"end":{"line":195,"column":5}},"63":{"start":{"line":189,"column":4},"end":{"line":193,"column":5}},"64":{"start":{"line":191,"column":6},"end":{"line":191,"column":44}},"65":{"start":{"line":192,"column":6},"end":{"line":192,"column":42}},"66":{"start":{"line":194,"column":4},"end":{"line":194,"column":13}},"67":{"start":{"line":197,"column":2},"end":{"line":203,"column":5}},"68":{"start":{"line":198,"column":4},"end":{"line":200,"column":5}},"69":{"start":{"line":199,"column":6},"end":{"line":199,"column":53}},"70":{"start":{"line":202,"column":4},"end":{"line":202,"column":17}},"71":{"start":{"line":205,"column":2},"end":{"line":212,"column":5}},"72":{"start":{"line":206,"column":4},"end":{"line":210,"column":5}},"73":{"start":{"line":207,"column":6},"end":{"line":209,"column":7}},"74":{"start":{"line":208,"column":8},"end":{"line":208,"column":43}},"75":{"start":{"line":211,"column":4},"end":{"line":211,"column":11}},"76":{"start":{"line":215,"column":2},"end":{"line":224,"column":5}},"77":{"start":{"line":216,"column":4},"end":{"line":221,"column":5}},"78":{"start":{"line":217,"column":6},"end":{"line":217,"column":48}},"79":{"start":{"line":218,"column":6},"end":{"line":218,"column":76}},"80":{"start":{"line":219,"column":6},"end":{"line":219,"column":19}},"81":{"start":{"line":222,"column":4},"end":{"line":222,"column":12}},"82":{"start":{"line":227,"column":2},"end":{"line":237,"column":5}},"83":{"start":{"line":230,"column":4},"end":{"line":236,"column":5}},"84":{"start":{"line":231,"column":6},"end":{"line":231,"column":41}},"85":{"start":{"line":232,"column":6},"end":{"line":235,"column":7}},"86":{"start":{"line":233,"column":8},"end":{"line":233,"column":44}},"87":{"start":{"line":234,"column":8},"end":{"line":234,"column":56}},"88":{"start":{"line":240,"column":2},"end":{"line":248,"column":5}},"89":{"start":{"line":241,"column":4},"end":{"line":247,"column":5}},"90":{"start":{"line":242,"column":6},"end":{"line":242,"column":41}},"91":{"start":{"line":243,"column":6},"end":{"line":246,"column":7}},"92":{"start":{"line":244,"column":8},"end":{"line":244,"column":44}},"93":{"start":{"line":245,"column":8},"end":{"line":245,"column":50}},"94":{"start":{"line":251,"column":2},"end":{"line":259,"column":5}},"95":{"start":{"line":252,"column":4},"end":{"line":252,"column":23}},"96":{"start":{"line":253,"column":4},"end":{"line":258,"column":5}},"97":{"start":{"line":254,"column":6},"end":{"line":254,"column":28}},"98":{"start":{"line":255,"column":6},"end":{"line":257,"column":26}},"99":{"start":{"line":256,"column":8},"end":{"line":256,"column":49}},"100":{"start":{"line":262,"column":2},"end":{"line":272,"column":5}},"101":{"start":{"line":264,"column":4},"end":{"line":270,"column":5}},"102":{"start":{"line":265,"column":6},"end":{"line":265,"column":38}},"103":{"start":{"line":266,"column":6},"end":{"line":269,"column":7}},"104":{"start":{"line":267,"column":8},"end":{"line":267,"column":45}},"105":{"start":{"line":268,"column":8},"end":{"line":268,"column":49}},"106":{"start":{"line":271,"column":4},"end":{"line":271,"column":11}},"107":{"start":{"line":275,"column":2},"end":{"line":285,"column":5}},"108":{"start":{"line":276,"column":4},"end":{"line":276,"column":94}},"109":{"start":{"line":277,"column":4},"end":{"line":277,"column":27}},"110":{"start":{"line":278,"column":4},"end":{"line":282,"column":5}},"111":{"start":{"line":280,"column":6},"end":{"line":280,"column":37}},"112":{"start":{"line":281,"column":6},"end":{"line":281,"column":39}},"113":{"start":{"line":283,"column":4},"end":{"line":283,"column":11}},"114":{"start":{"line":289,"column":2},"end":{"line":295,"column":5}},"115":{"start":{"line":290,"column":4},"end":{"line":290,"column":26}},"116":{"start":{"line":291,"column":4},"end":{"line":293,"column":5}},"117":{"start":{"line":292,"column":6},"end":{"line":292,"column":49}},"118":{"start":{"line":294,"column":4},"end":{"line":294,"column":17}},"119":{"start":{"line":298,"column":2},"end":{"line":306,"column":5}},"120":{"start":{"line":299,"column":4},"end":{"line":299,"column":26}},"121":{"start":{"line":300,"column":4},"end":{"line":304,"column":5}},"122":{"start":{"line":301,"column":6},"end":{"line":301,"column":63}},"123":{"start":{"line":303,"column":6},"end":{"line":303,"column":18}},"124":{"start":{"line":305,"column":4},"end":{"line":305,"column":17}},"125":{"start":{"line":309,"column":2},"end":{"line":317,"column":5}},"126":{"start":{"line":310,"column":4},"end":{"line":310,"column":26}},"127":{"start":{"line":311,"column":4},"end":{"line":315,"column":5}},"128":{"start":{"line":312,"column":6},"end":{"line":312,"column":54}},"129":{"start":{"line":313,"column":6},"end":{"line":313,"column":29}},"130":{"start":{"line":314,"column":6},"end":{"line":314,"column":18}},"131":{"start":{"line":316,"column":4},"end":{"line":316,"column":17}},"132":{"start":{"line":321,"column":2},"end":{"line":333,"column":5}},"133":{"start":{"line":322,"column":4},"end":{"line":322,"column":26}},"134":{"start":{"line":323,"column":4},"end":{"line":331,"column":5}},"135":{"start":{"line":324,"column":6},"end":{"line":324,"column":67}},"136":{"start":{"line":325,"column":6},"end":{"line":330,"column":7}},"137":{"start":{"line":326,"column":8},"end":{"line":326,"column":24}},"138":{"start":{"line":329,"column":8},"end":{"line":329,"column":24}},"139":{"start":{"line":332,"column":4},"end":{"line":332,"column":17}}},"branchMap":{"1":{"line":63,"type":"if","locations":[{"start":{"line":63,"column":4},"end":{"line":63,"column":4}},{"start":{"line":63,"column":4},"end":{"line":63,"column":4}}]},"2":{"line":72,"type":"if","locations":[{"start":{"line":72,"column":4},"end":{"line":72,"column":4}},{"start":{"line":72,"column":4},"end":{"line":72,"column":4}}]},"3":{"line":93,"type":"if","locations":[{"start":{"line":93,"column":4},"end":{"line":93,"column":4}},{"start":{"line":93,"column":4},"end":{"line":93,"column":4}}]},"4":{"line":109,"type":"if","locations":[{"start":{"line":109,"column":6},"end":{"line":109,"column":6}},{"start":{"line":109,"column":6},"end":{"line":109,"column":6}}]},"5":{"line":155,"type":"if","locations":[{"start":{"line":155,"column":4},"end":{"line":155,"column":4}},{"start":{"line":155,"column":4},"end":{"line":155,"column":4}}]},"6":{"line":163,"type":"if","locations":[{"start":{"line":163,"column":4},"end":{"line":163,"column":4}},{"start":{"line":163,"column":4},"end":{"line":163,"column":4}}]},"7":{"line":177,"type":"if","locations":[{"start":{"line":177,"column":4},"end":{"line":177,"column":4}},{"start":{"line":177,"column":4},"end":{"line":177,"column":4}}]},"8":{"line":189,"type":"if","locations":[{"start":{"line":189,"column":4},"end":{"line":189,"column":4}},{"start":{"line":189,"column":4},"end":{"line":189,"column":4}}]},"9":{"line":198,"type":"if","locations":[{"start":{"line":198,"column":4},"end":{"line":198,"column":4}},{"start":{"line":198,"column":4},"end":{"line":198,"column":4}}]},"10":{"line":206,"type":"if","locations":[{"start":{"line":206,"column":4},"end":{"line":206,"column":4}},{"start":{"line":206,"column":4},"end":{"line":206,"column":4}}]},"11":{"line":216,"type":"if","locations":[{"start":{"line":216,"column":4},"end":{"line":216,"column":4}},{"start":{"line":216,"column":4},"end":{"line":216,"column":4}}]},"12":{"line":232,"type":"if","locations":[{"start":{"line":232,"column":6},"end":{"line":232,"column":6}},{"start":{"line":232,"column":6},"end":{"line":232,"column":6}}]},"13":{"line":243,"type":"if","locations":[{"start":{"line":243,"column":6},"end":{"line":243,"column":6}},{"start":{"line":243,"column":6},"end":{"line":243,"column":6}}]},"14":{"line":264,"type":"if","locations":[{"start":{"line":264,"column":4},"end":{"line":264,"column":4}},{"start":{"line":264,"column":4},"end":{"line":264,"column":4}}]},"15":{"line":278,"type":"if","locations":[{"start":{"line":278,"column":4},"end":{"line":278,"column":4}},{"start":{"line":278,"column":4},"end":{"line":278,"column":4}}]},"16":{"line":291,"type":"if","locations":[{"start":{"line":291,"column":4},"end":{"line":291,"column":4}},{"start":{"line":291,"column":4},"end":{"line":291,"column":4}}]},"17":{"line":300,"type":"if","locations":[{"start":{"line":300,"column":4},"end":{"line":300,"column":4}},{"start":{"line":300,"column":4},"end":{"line":300,"column":4}}]},"18":{"line":311,"type":"if","locations":[{"start":{"line":311,"column":4},"end":{"line":311,"column":4}},{"start":{"line":311,"column":4},"end":{"line":311,"column":4}}]},"19":{"line":323,"type":"if","locations":[{"start":{"line":323,"column":4},"end":{"line":323,"column":4}},{"start":{"line":323,"column":4},"end":{"line":323,"column":4}}]},"20":{"line":325,"type":"if","locations":[{"start":{"line":325,"column":6},"end":{"line":325,"column":6}},{"start":{"line":325,"column":6},"end":{"line":325,"column":6}}]}}}}