TN:
SF:D:\New Polymer\polymer-21-03-17\t-search\test\t-search_test.js
FN:30,runAfterOpen
FN:31,(anonymous_2)
FN:36,(anonymous_3)
FN:39,(anonymous_4)
FN:44,(anonymous_5)
FN:50,(anonymous_6)
FN:61,(anonymous_7)
FN:70,(anonymous_8)
FN:92,(anonymous_9)
FN:105,(anonymous_10)
FN:107,(anonymous_11)
FN:118,(anonymous_12)
FN:121,(anonymous_13)
FN:149,(anonymous_14)
FN:162,(anonymous_15)
FN:175,(anonymous_16)
FN:187,(anonymous_17)
FN:197,(anonymous_18)
FN:205,(anonymous_19)
FN:215,(anonymous_20)
FN:227,(anonymous_21)
FN:230,(anonymous_22)
FN:240,(anonymous_23)
FN:241,(anonymous_24)
FN:251,(anonymous_25)
FN:253,(anonymous_26)
FN:255,(anonymous_27)
FN:262,(anonymous_28)
FN:275,(anonymous_29)
FN:289,(anonymous_30)
FN:298,(anonymous_31)
FN:309,(anonymous_32)
FN:321,(anonymous_33)
FNF:33
FNH:0
FNDA:0,runAfterOpen
FNDA:0,(anonymous_2)
FNDA:0,(anonymous_3)
FNDA:0,(anonymous_4)
FNDA:0,(anonymous_5)
FNDA:0,(anonymous_6)
FNDA:0,(anonymous_7)
FNDA:0,(anonymous_8)
FNDA:0,(anonymous_9)
FNDA:0,(anonymous_10)
FNDA:0,(anonymous_11)
FNDA:0,(anonymous_12)
FNDA:0,(anonymous_13)
FNDA:0,(anonymous_14)
FNDA:0,(anonymous_15)
FNDA:0,(anonymous_16)
FNDA:0,(anonymous_17)
FNDA:0,(anonymous_18)
FNDA:0,(anonymous_19)
FNDA:0,(anonymous_20)
FNDA:0,(anonymous_21)
FNDA:0,(anonymous_22)
FNDA:0,(anonymous_23)
FNDA:0,(anonymous_24)
FNDA:0,(anonymous_25)
FNDA:0,(anonymous_26)
FNDA:0,(anonymous_27)
FNDA:0,(anonymous_28)
FNDA:0,(anonymous_29)
FNDA:0,(anonymous_30)
FNDA:0,(anonymous_31)
FNDA:0,(anonymous_32)
FNDA:0,(anonymous_33)
DA:30,1
DA:31,0
DA:32,0
DA:34,0
DA:36,1
DA:39,0
DA:40,0
DA:41,0
DA:43,0
DA:44,0
DA:45,0
DA:50,0
DA:51,0
DA:61,0
DA:62,0
DA:63,0
DA:64,0
DA:70,0
DA:71,0
DA:72,0
DA:73,0
DA:92,0
DA:93,0
DA:94,0
DA:95,0
DA:96,0
DA:97,0
DA:100,0
DA:105,0
DA:106,0
DA:107,0
DA:108,0
DA:109,0
DA:110,0
DA:112,0
DA:118,0
DA:119,0
DA:120,0
DA:121,0
DA:122,0
DA:124,0
DA:149,0
DA:151,0
DA:154,0
DA:155,0
DA:156,0
DA:157,0
DA:159,0
DA:162,0
DA:163,0
DA:164,0
DA:165,0
DA:166,0
DA:168,0
DA:169,0
DA:171,0
DA:175,0
DA:177,0
DA:178,0
DA:179,0
DA:181,0
DA:187,0
DA:189,0
DA:191,0
DA:192,0
DA:194,0
DA:197,0
DA:198,0
DA:199,0
DA:202,0
DA:205,0
DA:206,0
DA:207,0
DA:208,0
DA:211,0
DA:215,0
DA:216,0
DA:217,0
DA:218,0
DA:219,0
DA:222,0
DA:227,0
DA:230,0
DA:231,0
DA:232,0
DA:233,0
DA:234,0
DA:240,0
DA:241,0
DA:242,0
DA:243,0
DA:244,0
DA:245,0
DA:251,0
DA:252,0
DA:253,0
DA:254,0
DA:255,0
DA:256,0
DA:262,0
DA:264,0
DA:265,0
DA:266,0
DA:267,0
DA:268,0
DA:271,0
DA:275,0
DA:276,0
DA:277,0
DA:278,0
DA:280,0
DA:281,0
DA:283,0
DA:289,0
DA:290,0
DA:291,0
DA:292,0
DA:294,0
DA:298,0
DA:299,0
DA:300,0
DA:301,0
DA:303,0
DA:305,0
DA:309,0
DA:310,0
DA:311,0
DA:312,0
DA:313,0
DA:314,0
DA:316,0
DA:321,0
DA:322,0
DA:323,0
DA:324,0
DA:325,0
DA:326,0
DA:329,0
DA:332,0
LF:139
LH:2
BRDA:63,1,0,0
BRDA:63,1,1,0
BRDA:72,2,0,0
BRDA:72,2,1,0
BRDA:93,3,0,0
BRDA:93,3,1,0
BRDA:109,4,0,0
BRDA:109,4,1,0
BRDA:155,5,0,0
BRDA:155,5,1,0
BRDA:163,6,0,0
BRDA:163,6,1,0
BRDA:177,7,0,0
BRDA:177,7,1,0
BRDA:189,8,0,0
BRDA:189,8,1,0
BRDA:198,9,0,0
BRDA:198,9,1,0
BRDA:206,10,0,0
BRDA:206,10,1,0
BRDA:216,11,0,0
BRDA:216,11,1,0
BRDA:232,12,0,0
BRDA:232,12,1,0
BRDA:243,13,0,0
BRDA:243,13,1,0
BRDA:264,14,0,0
BRDA:264,14,1,0
BRDA:278,15,0,0
BRDA:278,15,1,0
BRDA:291,16,0,0
BRDA:291,16,1,0
BRDA:300,17,0,0
BRDA:300,17,1,0
BRDA:311,18,0,0
BRDA:311,18,1,0
BRDA:323,19,0,0
BRDA:323,19,1,0
BRDA:325,20,0,0
BRDA:325,20,1,0
BRF:40
BRH:0
end_of_record
