{"D:\\New Polymer\\polymer-21-03-17\\t-search\\autocomplete.js":{"path":"D:\\New Polymer\\polymer-21-03-17\\t-search\\autocomplete.js","s":{"1":1,"2":1,"3":0,"4":0,"5":0,"6":0,"7":0,"8":0,"9":0,"10":0,"11":0,"12":0,"13":0,"14":0,"15":0,"16":0,"17":0,"18":0,"19":0,"20":0,"21":0,"22":0,"23":0,"24":0,"25":0,"26":0,"27":0,"28":0,"29":0,"30":0,"31":0,"32":0,"33":0,"34":0,"35":0,"36":0,"37":0,"38":0,"39":0,"40":0,"41":0,"42":0,"43":0,"44":0,"45":0,"46":0,"47":0,"48":0,"49":0,"50":0,"51":0,"52":0,"53":0,"54":0,"55":0,"56":0,"57":0,"58":0,"59":0,"60":0,"61":0,"62":0,"63":0,"64":0,"65":0,"66":0,"67":0,"68":0,"69":0,"70":0,"71":0,"72":0,"73":0,"74":0,"75":0,"76":0,"77":0,"78":0,"79":0,"80":0,"81":0,"82":0,"83":0,"84":0,"85":0,"86":0,"87":0,"88":0,"89":0,"90":0,"91":0,"92":0,"93":0,"94":0,"95":0,"96":0,"97":0,"98":0,"99":0,"100":0,"101":0,"102":0,"103":0,"104":0,"105":0,"106":0,"107":0,"108":0,"109":0,"110":0,"111":0,"112":0,"113":0,"114":0,"115":0,"116":0,"117":0,"118":0,"119":0,"120":0,"121":0,"122":0,"123":0,"124":0,"125":0,"126":0,"127":0,"128":0,"129":0,"130":0,"131":0,"132":0,"133":0,"134":0,"135":0,"136":0,"137":0,"138":0,"139":0,"140":0,"141":0,"142":0,"143":0,"144":0,"145":0,"146":0,"147":0,"148":0,"149":0,"150":0,"151":0,"152":0,"153":0,"154":0,"155":0,"156":0,"157":0,"158":0,"159":0,"160":0,"161":0,"162":0,"163":0,"164":0,"165":0,"166":0,"167":0,"168":0,"169":0,"170":0,"171":0,"172":0,"173":0,"174":0,"175":0,"176":0,"177":0,"178":0,"179":0,"180":0,"181":0,"182":0,"183":0,"184":0,"185":0,"186":0,"187":0,"188":0,"189":0,"190":0,"191":0,"192":0,"193":0,"194":0,"195":0,"196":0,"197":0,"198":0,"199":0,"200":0,"201":0,"202":0,"203":0,"204":0,"205":0,"206":0,"207":0,"208":0,"209":0,"210":0,"211":0,"212":0,"213":0,"214":0,"215":0,"216":0,"217":0,"218":0,"219":0,"220":0,"221":0,"222":0,"223":0,"224":0,"225":0,"226":0,"227":0,"228":0,"229":0,"230":0,"231":0,"232":0,"233":0,"234":0,"235":0,"236":0,"237":0,"238":0,"239":0,"240":0,"241":0,"242":0,"243":0,"244":0,"245":0,"246":0,"247":0,"248":0,"249":0,"250":0,"251":0,"252":1,"253":0,"254":0,"255":0,"256":0,"257":0,"258":0,"259":0,"260":0,"261":0,"262":0,"263":0,"264":0,"265":0,"266":0,"267":0,"268":0,"269":1,"270":0,"271":0,"272":0,"273":0,"274":0,"275":0,"276":0,"277":0,"278":0,"279":0,"280":0,"281":0,"282":0,"283":0,"284":0,"285":0,"286":0,"287":0,"288":1,"289":0,"290":0,"291":1,"292":0,"293":0,"294":0,"295":0,"296":1,"297":0,"298":0,"299":0,"300":0,"301":0,"302":0,"303":1,"304":1,"305":0,"306":0,"307":0,"308":0,"309":0,"310":1,"311":0,"312":0,"313":1,"314":0},"b":{"1":[0,0],"2":[0,0],"3":[0,0],"4":[0,0],"5":[0,0],"6":[0,0],"7":[0,0],"8":[0,0],"9":[0,0],"10":[0,0],"11":[0,0],"12":[0,0],"13":[0,0,0],"14":[0,0],"15":[0,0],"16":[0,0],"17":[0,0],"18":[0,0],"19":[0,0],"20":[0,0],"21":[0,0],"22":[0,0],"23":[0,0],"24":[0,0],"25":[0,0],"26":[0,0],"27":[0,0],"28":[0,0],"29":[0,0],"30":[0,0],"31":[0,0],"32":[0,0],"33":[0,0],"34":[0,0],"35":[0,0],"36":[0,0,0],"37":[0,0],"38":[0,0],"39":[0,0],"40":[0,0],"41":[0,0],"42":[0,0],"43":[0,0],"44":[0,0],"45":[0,0],"46":[0,0],"47":[0,0],"48":[0,0],"49":[0,0],"50":[0,0],"51":[0,0],"52":[0,0],"53":[0,0],"54":[0,0],"55":[0,0],"56":[0,0],"57":[0,0],"58":[0,0],"59":[0,0],"60":[0,0],"61":[0,0],"62":[0,0],"63":[0,0],"64":[0,0],"65":[0,0],"66":[0,0],"67":[0,0],"68":[0,0],"69":[0,0],"70":[0,0],"71":[0,0],"72":[0,0],"73":[0,0],"74":[0,0]},"f":{"1":1,"2":0,"3":0,"4":0,"5":0,"6":0,"7":0,"8":0,"9":0,"10":0,"11":0,"12":0,"13":0,"14":0,"15":0,"16":0,"17":0,"18":0,"19":0,"20":0,"21":0,"22":0,"23":0,"24":0,"25":0,"26":0,"27":0,"28":0,"29":0,"30":0,"31":0,"32":0,"33":0,"34":0,"35":0},"fnMap":{"1":{"name":"(anonymous_1)","line":1,"loc":{"start":{"line":1,"column":20},"end":{"line":1,"column":32}}},"2":{"name":"(anonymous_2)","line":3,"loc":{"start":{"line":3,"column":23},"end":{"line":3,"column":52}}},"3":{"name":"(anonymous_3)","line":13,"loc":{"start":{"line":13,"column":28},"end":{"line":13,"column":51}}},"4":{"name":"(anonymous_4)","line":41,"loc":{"start":{"line":41,"column":26},"end":{"line":41,"column":51}}},"5":{"name":"(anonymous_5)","line":43,"loc":{"start":{"line":43,"column":88},"end":{"line":43,"column":102}}},"6":{"name":"(anonymous_6)","line":44,"loc":{"start":{"line":44,"column":45},"end":{"line":44,"column":62}}},"7":{"name":"(anonymous_7)","line":50,"loc":{"start":{"line":50,"column":26},"end":{"line":50,"column":71}}},"8":{"name":"(anonymous_8)","line":55,"loc":{"start":{"line":55,"column":43},"end":{"line":55,"column":58}}},"9":{"name":"(anonymous_9)","line":56,"loc":{"start":{"line":56,"column":65},"end":{"line":56,"column":79}}},"10":{"name":"(anonymous_10)","line":98,"loc":{"start":{"line":98,"column":51},"end":{"line":98,"column":63}}},"11":{"name":"(anonymous_11)","line":99,"loc":{"start":{"line":99,"column":54},"end":{"line":99,"column":78}}},"12":{"name":"(anonymous_12)","line":102,"loc":{"start":{"line":102,"column":48},"end":{"line":102,"column":83}}},"13":{"name":"(anonymous_13)","line":117,"loc":{"start":{"line":117,"column":50},"end":{"line":117,"column":74}}},"14":{"name":"(anonymous_14)","line":178,"loc":{"start":{"line":178,"column":25},"end":{"line":178,"column":42}}},"15":{"name":"(anonymous_15)","line":192,"loc":{"start":{"line":192,"column":30},"end":{"line":192,"column":50}}},"16":{"name":"(anonymous_16)","line":193,"loc":{"start":{"line":193,"column":83},"end":{"line":193,"column":100}}},"17":{"name":"(anonymous_17)","line":198,"loc":{"start":{"line":198,"column":45},"end":{"line":198,"column":57}}},"18":{"name":"(anonymous_18)","line":203,"loc":{"start":{"line":203,"column":44},"end":{"line":203,"column":56}}},"19":{"name":"(anonymous_19)","line":210,"loc":{"start":{"line":210,"column":42},"end":{"line":210,"column":54}}},"20":{"name":"(anonymous_20)","line":231,"loc":{"start":{"line":231,"column":36},"end":{"line":231,"column":49}}},"21":{"name":"(anonymous_21)","line":308,"loc":{"start":{"line":308,"column":51},"end":{"line":308,"column":63}}},"22":{"name":"(anonymous_22)","line":363,"loc":{"start":{"line":363,"column":59},"end":{"line":363,"column":71}}},"23":{"name":"(anonymous_23)","line":369,"loc":{"start":{"line":369,"column":63},"end":{"line":369,"column":76}}},"24":{"name":"(anonymous_24)","line":371,"loc":{"start":{"line":371,"column":59},"end":{"line":371,"column":71}}},"25":{"name":"(anonymous_25)","line":412,"loc":{"start":{"line":412,"column":20},"end":{"line":412,"column":47}}},"26":{"name":"ajax","line":457,"loc":{"start":{"line":457,"column":4},"end":{"line":457,"column":83}}},"27":{"name":"(anonymous_27)","line":473,"loc":{"start":{"line":473,"column":37},"end":{"line":473,"column":49}}},"28":{"name":"toTitleCase","line":483,"loc":{"start":{"line":483,"column":4},"end":{"line":483,"column":30}}},"29":{"name":"(anonymous_29)","line":484,"loc":{"start":{"line":484,"column":37},"end":{"line":484,"column":52}}},"30":{"name":"closeBox","line":487,"loc":{"start":{"line":487,"column":4},"end":{"line":487,"column":40}}},"31":{"name":"(anonymous_31)","line":492,"loc":{"start":{"line":492,"column":23},"end":{"line":492,"column":35}}},"32":{"name":"merge","line":497,"loc":{"start":{"line":497,"column":4},"end":{"line":497,"column":31}}},"33":{"name":"attr","line":511,"loc":{"start":{"line":511,"column":0},"end":{"line":511,"column":41}}},"34":{"name":"attrClass","line":523,"loc":{"start":{"line":523,"column":0},"end":{"line":523,"column":32}}},"35":{"name":"domCreate","line":529,"loc":{"start":{"line":529,"column":0},"end":{"line":529,"column":25}}}},"statementMap":{"1":{"start":{"line":1,"column":0},"end":{"line":509,"column":5}},"2":{"start":{"line":3,"column":4},"end":{"line":409,"column":6}},"3":{"start":{"line":5,"column":8},"end":{"line":408,"column":9}},"4":{"start":{"line":6,"column":12},"end":{"line":184,"column":26}},"5":{"start":{"line":14,"column":24},"end":{"line":14,"column":140}},"6":{"start":{"line":15,"column":24},"end":{"line":15,"column":104}},"7":{"start":{"line":16,"column":24},"end":{"line":16,"column":80}},"8":{"start":{"line":17,"column":24},"end":{"line":19,"column":25}},"9":{"start":{"line":18,"column":28},"end":{"line":18,"column":51}},"10":{"start":{"line":20,"column":24},"end":{"line":20,"column":72}},"11":{"start":{"line":21,"column":24},"end":{"line":21,"column":83}},"12":{"start":{"line":22,"column":24},"end":{"line":22,"column":76}},"13":{"start":{"line":23,"column":24},"end":{"line":23,"column":85}},"14":{"start":{"line":24,"column":24},"end":{"line":24,"column":61}},"15":{"start":{"line":25,"column":24},"end":{"line":25,"column":51}},"16":{"start":{"line":26,"column":24},"end":{"line":38,"column":25}},"17":{"start":{"line":27,"column":28},"end":{"line":27,"column":95}},"18":{"start":{"line":28,"column":28},"end":{"line":28,"column":93}},"19":{"start":{"line":29,"column":28},"end":{"line":29,"column":101}},"20":{"start":{"line":30,"column":28},"end":{"line":30,"column":95}},"21":{"start":{"line":31,"column":28},"end":{"line":31,"column":61}},"22":{"start":{"line":32,"column":28},"end":{"line":32,"column":95}},"23":{"start":{"line":33,"column":28},"end":{"line":33,"column":47}},"24":{"start":{"line":34,"column":28},"end":{"line":34,"column":81}},"25":{"start":{"line":35,"column":28},"end":{"line":35,"column":87}},"26":{"start":{"line":36,"column":28},"end":{"line":36,"column":95}},"27":{"start":{"line":37,"column":28},"end":{"line":37,"column":56}},"28":{"start":{"line":39,"column":24},"end":{"line":39,"column":82}},"29":{"start":{"line":42,"column":24},"end":{"line":42,"column":40}},"30":{"start":{"line":43,"column":24},"end":{"line":47,"column":27}},"31":{"start":{"line":44,"column":28},"end":{"line":46,"column":30}},"32":{"start":{"line":45,"column":32},"end":{"line":45,"column":65}},"33":{"start":{"line":51,"column":24},"end":{"line":176,"column":25}},"34":{"start":{"line":52,"column":28},"end":{"line":62,"column":29}},"35":{"start":{"line":53,"column":32},"end":{"line":61,"column":35}},"36":{"start":{"line":56,"column":40},"end":{"line":58,"column":43}},"37":{"start":{"line":57,"column":44},"end":{"line":57,"column":61}},"38":{"start":{"line":59,"column":40},"end":{"line":59,"column":65}},"39":{"start":{"line":63,"column":28},"end":{"line":63,"column":62}},"40":{"start":{"line":64,"column":28},"end":{"line":64,"column":59}},"41":{"start":{"line":65,"column":28},"end":{"line":173,"column":29}},"42":{"start":{"line":66,"column":32},"end":{"line":66,"column":79}},"43":{"start":{"line":67,"column":32},"end":{"line":69,"column":33}},"44":{"start":{"line":68,"column":36},"end":{"line":68,"column":69}},"45":{"start":{"line":70,"column":32},"end":{"line":70,"column":65}},"46":{"start":{"line":71,"column":32},"end":{"line":71,"column":58}},"47":{"start":{"line":72,"column":32},"end":{"line":72,"column":55}},"48":{"start":{"line":73,"column":32},"end":{"line":73,"column":50}},"49":{"start":{"line":74,"column":32},"end":{"line":86,"column":33}},"50":{"start":{"line":75,"column":36},"end":{"line":75,"column":82}},"51":{"start":{"line":76,"column":36},"end":{"line":78,"column":37}},"52":{"start":{"line":77,"column":40},"end":{"line":77,"column":68}},"53":{"start":{"line":79,"column":36},"end":{"line":81,"column":37}},"54":{"start":{"line":80,"column":40},"end":{"line":80,"column":61}},"55":{"start":{"line":82,"column":36},"end":{"line":84,"column":37}},"56":{"start":{"line":83,"column":40},"end":{"line":83,"column":66}},"57":{"start":{"line":85,"column":36},"end":{"line":85,"column":78}},"58":{"start":{"line":87,"column":32},"end":{"line":87,"column":60}},"59":{"start":{"line":88,"column":32},"end":{"line":88,"column":56}},"60":{"start":{"line":89,"column":32},"end":{"line":89,"column":50}},"61":{"start":{"line":90,"column":32},"end":{"line":94,"column":33}},"62":{"start":{"line":91,"column":36},"end":{"line":93,"column":37}},"63":{"start":{"line":92,"column":40},"end":{"line":92,"column":95}},"64":{"start":{"line":95,"column":32},"end":{"line":153,"column":33}},"65":{"start":{"line":98,"column":36},"end":{"line":135,"column":46}},"66":{"start":{"line":98,"column":65},"end":{"line":98,"column":88}},"67":{"start":{"line":100,"column":44},"end":{"line":100,"column":89}},"68":{"start":{"line":103,"column":44},"end":{"line":103,"column":72}},"69":{"start":{"line":104,"column":44},"end":{"line":109,"column":45}},"70":{"start":{"line":105,"column":48},"end":{"line":105,"column":116}},"71":{"start":{"line":108,"column":48},"end":{"line":108,"column":144}},"72":{"start":{"line":110,"column":44},"end":{"line":110,"column":72}},"73":{"start":{"line":111,"column":44},"end":{"line":111,"column":94}},"74":{"start":{"line":112,"column":44},"end":{"line":112,"column":78}},"75":{"start":{"line":113,"column":44},"end":{"line":113,"column":69}},"76":{"start":{"line":114,"column":44},"end":{"line":114,"column":63}},"77":{"start":{"line":115,"column":44},"end":{"line":115,"column":62}},"78":{"start":{"line":118,"column":44},"end":{"line":118,"column":72}},"79":{"start":{"line":119,"column":44},"end":{"line":119,"column":70}},"80":{"start":{"line":120,"column":44},"end":{"line":120,"column":61}},"81":{"start":{"line":121,"column":44},"end":{"line":121,"column":71}},"82":{"start":{"line":122,"column":44},"end":{"line":122,"column":69}},"83":{"start":{"line":123,"column":44},"end":{"line":123,"column":80}},"84":{"start":{"line":124,"column":44},"end":{"line":124,"column":67}},"85":{"start":{"line":125,"column":44},"end":{"line":125,"column":64}},"86":{"start":{"line":126,"column":44},"end":{"line":126,"column":65}},"87":{"start":{"line":136,"column":36},"end":{"line":152,"column":37}},"88":{"start":{"line":137,"column":40},"end":{"line":137,"column":64}},"89":{"start":{"line":138,"column":40},"end":{"line":138,"column":98}},"90":{"start":{"line":139,"column":40},"end":{"line":139,"column":56}},"91":{"start":{"line":140,"column":40},"end":{"line":144,"column":41}},"92":{"start":{"line":141,"column":44},"end":{"line":142,"column":89}},"93":{"start":{"line":142,"column":48},"end":{"line":142,"column":89}},"94":{"start":{"line":143,"column":44},"end":{"line":143,"column":82}},"95":{"start":{"line":149,"column":40},"end":{"line":149,"column":53}},"96":{"start":{"line":150,"column":40},"end":{"line":150,"column":64}},"97":{"start":{"line":151,"column":40},"end":{"line":151,"column":80}},"98":{"start":{"line":154,"column":32},"end":{"line":156,"column":33}},"99":{"start":{"line":155,"column":36},"end":{"line":155,"column":73}},"100":{"start":{"line":157,"column":32},"end":{"line":167,"column":33}},"101":{"start":{"line":158,"column":36},"end":{"line":158,"column":103}},"102":{"start":{"line":159,"column":36},"end":{"line":159,"column":65}},"103":{"start":{"line":160,"column":36},"end":{"line":160,"column":56}},"104":{"start":{"line":161,"column":36},"end":{"line":161,"column":67}},"105":{"start":{"line":162,"column":36},"end":{"line":162,"column":59}},"106":{"start":{"line":163,"column":36},"end":{"line":163,"column":67}},"107":{"start":{"line":166,"column":36},"end":{"line":166,"column":59}},"108":{"start":{"line":168,"column":32},"end":{"line":168,"column":71}},"109":{"start":{"line":169,"column":32},"end":{"line":169,"column":45}},"110":{"start":{"line":172,"column":32},"end":{"line":172,"column":45}},"111":{"start":{"line":175,"column":28},"end":{"line":175,"column":56}},"112":{"start":{"line":179,"column":24},"end":{"line":179,"column":43}},"113":{"start":{"line":186,"column":12},"end":{"line":186,"column":32}},"114":{"start":{"line":187,"column":12},"end":{"line":187,"column":60}},"115":{"start":{"line":188,"column":12},"end":{"line":188,"column":44}},"116":{"start":{"line":189,"column":12},"end":{"line":191,"column":13}},"117":{"start":{"line":190,"column":16},"end":{"line":190,"column":40}},"118":{"start":{"line":192,"column":12},"end":{"line":405,"column":15}},"119":{"start":{"line":193,"column":16},"end":{"line":404,"column":19}},"120":{"start":{"line":194,"column":20},"end":{"line":229,"column":21}},"121":{"start":{"line":195,"column":24},"end":{"line":218,"column":30}},"122":{"start":{"line":199,"column":32},"end":{"line":201,"column":35}},"123":{"start":{"line":204,"column":32},"end":{"line":204,"column":84}},"124":{"start":{"line":205,"column":32},"end":{"line":205,"column":86}},"125":{"start":{"line":206,"column":32},"end":{"line":206,"column":84}},"126":{"start":{"line":207,"column":32},"end":{"line":207,"column":70}},"127":{"start":{"line":208,"column":32},"end":{"line":208,"column":61}},"128":{"start":{"line":211,"column":32},"end":{"line":211,"column":90}},"129":{"start":{"line":212,"column":32},"end":{"line":214,"column":33}},"130":{"start":{"line":213,"column":36},"end":{"line":213,"column":73}},"131":{"start":{"line":215,"column":32},"end":{"line":217,"column":33}},"132":{"start":{"line":216,"column":36},"end":{"line":216,"column":75}},"133":{"start":{"line":220,"column":24},"end":{"line":220,"column":63}},"134":{"start":{"line":221,"column":24},"end":{"line":221,"column":54}},"135":{"start":{"line":222,"column":24},"end":{"line":222,"column":75}},"136":{"start":{"line":223,"column":24},"end":{"line":223,"column":73}},"137":{"start":{"line":224,"column":24},"end":{"line":224,"column":92}},"138":{"start":{"line":225,"column":24},"end":{"line":225,"column":52}},"139":{"start":{"line":226,"column":24},"end":{"line":226,"column":62}},"140":{"start":{"line":227,"column":24},"end":{"line":227,"column":98}},"141":{"start":{"line":231,"column":20},"end":{"line":403,"column":21}},"142":{"start":{"line":232,"column":24},"end":{"line":241,"column":37}},"143":{"start":{"line":243,"column":24},"end":{"line":251,"column":25}},"144":{"start":{"line":244,"column":28},"end":{"line":244,"column":103}},"145":{"start":{"line":245,"column":28},"end":{"line":245,"column":102}},"146":{"start":{"line":248,"column":28},"end":{"line":248,"column":97}},"147":{"start":{"line":249,"column":28},"end":{"line":249,"column":103}},"148":{"start":{"line":250,"column":28},"end":{"line":250,"column":104}},"149":{"start":{"line":254,"column":24},"end":{"line":402,"column":25}},"150":{"start":{"line":255,"column":28},"end":{"line":255,"column":73}},"151":{"start":{"line":256,"column":28},"end":{"line":260,"column":29}},"152":{"start":{"line":257,"column":32},"end":{"line":257,"column":67}},"153":{"start":{"line":258,"column":32},"end":{"line":258,"column":66}},"154":{"start":{"line":259,"column":32},"end":{"line":259,"column":55}},"155":{"start":{"line":265,"column":28},"end":{"line":401,"column":29}},"156":{"start":{"line":266,"column":32},"end":{"line":266,"column":77}},"157":{"start":{"line":267,"column":32},"end":{"line":269,"column":33}},"158":{"start":{"line":268,"column":36},"end":{"line":268,"column":75}},"159":{"start":{"line":270,"column":32},"end":{"line":303,"column":33}},"160":{"start":{"line":271,"column":36},"end":{"line":271,"column":120}},"161":{"start":{"line":272,"column":36},"end":{"line":272,"column":77}},"162":{"start":{"line":274,"column":37},"end":{"line":276,"column":37}},"163":{"start":{"line":275,"column":40},"end":{"line":275,"column":93}},"164":{"start":{"line":277,"column":37},"end":{"line":279,"column":38}},"165":{"start":{"line":278,"column":41},"end":{"line":278,"column":96}},"166":{"start":{"line":280,"column":37},"end":{"line":282,"column":37}},"167":{"start":{"line":281,"column":37},"end":{"line":281,"column":142}},"168":{"start":{"line":283,"column":37},"end":{"line":285,"column":37}},"169":{"start":{"line":284,"column":40},"end":{"line":284,"column":145}},"170":{"start":{"line":287,"column":36},"end":{"line":287,"column":92}},"171":{"start":{"line":289,"column":36},"end":{"line":289,"column":68}},"172":{"start":{"line":290,"column":36},"end":{"line":294,"column":37}},"173":{"start":{"line":291,"column":40},"end":{"line":291,"column":64}},"174":{"start":{"line":292,"column":43},"end":{"line":294,"column":37}},"175":{"start":{"line":293,"column":40},"end":{"line":293,"column":53}},"176":{"start":{"line":295,"column":36},"end":{"line":295,"column":103}},"177":{"start":{"line":297,"column":36},"end":{"line":299,"column":37}},"178":{"start":{"line":298,"column":40},"end":{"line":298,"column":122}},"179":{"start":{"line":300,"column":36},"end":{"line":300,"column":69}},"180":{"start":{"line":301,"column":39},"end":{"line":303,"column":33}},"181":{"start":{"line":302,"column":36},"end":{"line":302,"column":63}},"182":{"start":{"line":304,"column":35},"end":{"line":401,"column":29}},"183":{"start":{"line":305,"column":32},"end":{"line":400,"column":33}},"184":{"start":{"line":306,"column":36},"end":{"line":316,"column":37}},"185":{"start":{"line":307,"column":40},"end":{"line":307,"column":75}},"186":{"start":{"line":308,"column":40},"end":{"line":310,"column":60}},"187":{"start":{"line":309,"column":44},"end":{"line":309,"column":156}},"188":{"start":{"line":313,"column":40},"end":{"line":315,"column":41}},"189":{"start":{"line":314,"column":44},"end":{"line":314,"column":81}},"190":{"start":{"line":317,"column":36},"end":{"line":399,"column":37}},"191":{"start":{"line":318,"column":40},"end":{"line":398,"column":41}},"192":{"start":{"line":319,"column":44},"end":{"line":325,"column":45}},"193":{"start":{"line":320,"column":48},"end":{"line":320,"column":114}},"194":{"start":{"line":321,"column":48},"end":{"line":321,"column":112}},"195":{"start":{"line":322,"column":48},"end":{"line":322,"column":120}},"196":{"start":{"line":323,"column":48},"end":{"line":323,"column":114}},"197":{"start":{"line":324,"column":48},"end":{"line":324,"column":116}},"198":{"start":{"line":326,"column":44},"end":{"line":326,"column":114}},"199":{"start":{"line":327,"column":44},"end":{"line":327,"column":59}},"200":{"start":{"line":328,"column":44},"end":{"line":328,"column":52}},"201":{"start":{"line":329,"column":44},"end":{"line":329,"column":52}},"202":{"start":{"line":330,"column":44},"end":{"line":330,"column":87}},"203":{"start":{"line":332,"column":44},"end":{"line":345,"column":45}},"204":{"start":{"line":333,"column":48},"end":{"line":333,"column":74}},"205":{"start":{"line":334,"column":48},"end":{"line":334,"column":71}},"206":{"start":{"line":335,"column":48},"end":{"line":335,"column":95}},"207":{"start":{"line":336,"column":48},"end":{"line":336,"column":80}},"208":{"start":{"line":337,"column":48},"end":{"line":337,"column":74}},"209":{"start":{"line":338,"column":48},"end":{"line":338,"column":73}},"210":{"start":{"line":339,"column":48},"end":{"line":339,"column":82}},"211":{"start":{"line":341,"column":48},"end":{"line":341,"column":76}},"212":{"start":{"line":342,"column":48},"end":{"line":342,"column":80}},"213":{"start":{"line":343,"column":48},"end":{"line":343,"column":69}},"214":{"start":{"line":344,"column":48},"end":{"line":344,"column":73}},"215":{"start":{"line":347,"column":44},"end":{"line":347,"column":81}},"216":{"start":{"line":348,"column":44},"end":{"line":348,"column":65}},"217":{"start":{"line":349,"column":44},"end":{"line":349,"column":65}},"218":{"start":{"line":350,"column":44},"end":{"line":350,"column":78}},"219":{"start":{"line":351,"column":44},"end":{"line":351,"column":68}},"220":{"start":{"line":354,"column":44},"end":{"line":354,"column":69}},"221":{"start":{"line":355,"column":44},"end":{"line":355,"column":76}},"222":{"start":{"line":356,"column":44},"end":{"line":356,"column":67}},"223":{"start":{"line":357,"column":44},"end":{"line":357,"column":78}},"224":{"start":{"line":358,"column":44},"end":{"line":358,"column":67}},"225":{"start":{"line":359,"column":44},"end":{"line":359,"column":75}},"226":{"start":{"line":361,"column":44},"end":{"line":366,"column":45}},"227":{"start":{"line":362,"column":48},"end":{"line":362,"column":83}},"228":{"start":{"line":363,"column":48},"end":{"line":365,"column":68}},"229":{"start":{"line":364,"column":52},"end":{"line":364,"column":164}},"230":{"start":{"line":367,"column":44},"end":{"line":367,"column":106}},"231":{"start":{"line":368,"column":44},"end":{"line":368,"column":61}},"232":{"start":{"line":369,"column":44},"end":{"line":390,"column":45}},"233":{"start":{"line":370,"column":48},"end":{"line":370,"column":71}},"234":{"start":{"line":371,"column":48},"end":{"line":388,"column":68}},"235":{"start":{"line":372,"column":52},"end":{"line":374,"column":53}},"236":{"start":{"line":373,"column":56},"end":{"line":373,"column":168}},"237":{"start":{"line":375,"column":52},"end":{"line":387,"column":53}},"238":{"start":{"line":376,"column":56},"end":{"line":376,"column":103}},"239":{"start":{"line":377,"column":56},"end":{"line":379,"column":57}},"240":{"start":{"line":378,"column":60},"end":{"line":378,"column":93}},"241":{"start":{"line":380,"column":56},"end":{"line":380,"column":126}},"242":{"start":{"line":381,"column":56},"end":{"line":381,"column":81}},"243":{"start":{"line":382,"column":56},"end":{"line":382,"column":88}},"244":{"start":{"line":383,"column":56},"end":{"line":383,"column":79}},"245":{"start":{"line":384,"column":56},"end":{"line":384,"column":90}},"246":{"start":{"line":385,"column":56},"end":{"line":385,"column":77}},"247":{"start":{"line":386,"column":56},"end":{"line":386,"column":87}},"248":{"start":{"line":393,"column":44},"end":{"line":393,"column":123}},"249":{"start":{"line":394,"column":44},"end":{"line":396,"column":45}},"250":{"start":{"line":395,"column":48},"end":{"line":395,"column":85}},"251":{"start":{"line":407,"column":12},"end":{"line":407,"column":48}},"252":{"start":{"line":411,"column":4},"end":{"line":455,"column":6}},"253":{"start":{"line":413,"column":12},"end":{"line":425,"column":18}},"254":{"start":{"line":427,"column":12},"end":{"line":453,"column":13}},"255":{"start":{"line":428,"column":16},"end":{"line":428,"column":76}},"256":{"start":{"line":430,"column":16},"end":{"line":451,"column":17}},"257":{"start":{"line":431,"column":20},"end":{"line":431,"column":87}},"258":{"start":{"line":433,"column":20},"end":{"line":435,"column":21}},"259":{"start":{"line":434,"column":24},"end":{"line":434,"column":93}},"260":{"start":{"line":437,"column":20},"end":{"line":441,"column":21}},"261":{"start":{"line":438,"column":24},"end":{"line":440,"column":25}},"262":{"start":{"line":439,"column":28},"end":{"line":439,"column":45}},"263":{"start":{"line":443,"column":20},"end":{"line":449,"column":21}},"264":{"start":{"line":444,"column":24},"end":{"line":448,"column":25}},"265":{"start":{"line":445,"column":28},"end":{"line":445,"column":48}},"266":{"start":{"line":447,"column":28},"end":{"line":447,"column":66}},"267":{"start":{"line":450,"column":20},"end":{"line":450,"column":67}},"268":{"start":{"line":452,"column":16},"end":{"line":452,"column":76}},"269":{"start":{"line":457,"column":4},"end":{"line":482,"column":5}},"270":{"start":{"line":458,"column":8},"end":{"line":460,"column":9}},"271":{"start":{"line":459,"column":12},"end":{"line":459,"column":28}},"272":{"start":{"line":461,"column":8},"end":{"line":462,"column":33}},"273":{"start":{"line":463,"column":8},"end":{"line":463,"column":26}},"274":{"start":{"line":464,"column":8},"end":{"line":465,"column":38}},"275":{"start":{"line":465,"column":12},"end":{"line":465,"column":38}},"276":{"start":{"line":466,"column":8},"end":{"line":468,"column":9}},"277":{"start":{"line":467,"column":12},"end":{"line":467,"column":37}},"278":{"start":{"line":469,"column":8},"end":{"line":469,"column":39}},"279":{"start":{"line":470,"column":8},"end":{"line":470,"column":40}},"280":{"start":{"line":471,"column":8},"end":{"line":471,"column":69}},"281":{"start":{"line":472,"column":8},"end":{"line":472,"column":63}},"282":{"start":{"line":473,"column":8},"end":{"line":479,"column":10}},"283":{"start":{"line":474,"column":12},"end":{"line":478,"column":13}},"284":{"start":{"line":475,"column":16},"end":{"line":477,"column":17}},"285":{"start":{"line":476,"column":20},"end":{"line":476,"column":51}},"286":{"start":{"line":480,"column":8},"end":{"line":480,"column":34}},"287":{"start":{"line":481,"column":8},"end":{"line":481,"column":23}},"288":{"start":{"line":483,"column":4},"end":{"line":485,"column":5}},"289":{"start":{"line":484,"column":8},"end":{"line":484,"column":123}},"290":{"start":{"line":484,"column":54},"end":{"line":484,"column":119}},"291":{"start":{"line":487,"column":4},"end":{"line":494,"column":5}},"292":{"start":{"line":488,"column":8},"end":{"line":493,"column":9}},"293":{"start":{"line":489,"column":12},"end":{"line":489,"column":46}},"294":{"start":{"line":492,"column":12},"end":{"line":492,"column":69}},"295":{"start":{"line":492,"column":37},"end":{"line":492,"column":60}},"296":{"start":{"line":497,"column":4},"end":{"line":507,"column":5}},"297":{"start":{"line":498,"column":8},"end":{"line":499,"column":16}},"298":{"start":{"line":500,"column":8},"end":{"line":502,"column":9}},"299":{"start":{"line":501,"column":12},"end":{"line":501,"column":36}},"300":{"start":{"line":503,"column":8},"end":{"line":505,"column":9}},"301":{"start":{"line":504,"column":12},"end":{"line":504,"column":36}},"302":{"start":{"line":506,"column":8},"end":{"line":506,"column":22}},"303":{"start":{"line":508,"column":4},"end":{"line":508,"column":24}},"304":{"start":{"line":511,"column":0},"end":{"line":521,"column":1}},"305":{"start":{"line":512,"column":4},"end":{"line":520,"column":5}},"306":{"start":{"line":513,"column":8},"end":{"line":519,"column":9}},"307":{"start":{"line":514,"column":12},"end":{"line":516,"column":13}},"308":{"start":{"line":515,"column":16},"end":{"line":515,"column":51}},"309":{"start":{"line":518,"column":12},"end":{"line":518,"column":86}},"310":{"start":{"line":523,"column":0},"end":{"line":527,"column":1}},"311":{"start":{"line":524,"column":4},"end":{"line":526,"column":5}},"312":{"start":{"line":525,"column":8},"end":{"line":525,"column":65}},"313":{"start":{"line":529,"column":0},"end":{"line":531,"column":1}},"314":{"start":{"line":530,"column":4},"end":{"line":530,"column":40}}},"branchMap":{"1":{"line":5,"type":"if","locations":[{"start":{"line":5,"column":8},"end":{"line":5,"column":8}},{"start":{"line":5,"column":8},"end":{"line":5,"column":8}}]},"2":{"line":17,"type":"if","locations":[{"start":{"line":17,"column":24},"end":{"line":17,"column":24}},{"start":{"line":17,"column":24},"end":{"line":17,"column":24}}]},"3":{"line":26,"type":"if","locations":[{"start":{"line":26,"column":24},"end":{"line":26,"column":24}},{"start":{"line":26,"column":24},"end":{"line":26,"column":24}}]},"4":{"line":52,"type":"if","locations":[{"start":{"line":52,"column":28},"end":{"line":52,"column":28}},{"start":{"line":52,"column":28},"end":{"line":52,"column":28}}]},"5":{"line":65,"type":"if","locations":[{"start":{"line":65,"column":28},"end":{"line":65,"column":28}},{"start":{"line":65,"column":28},"end":{"line":65,"column":28}}]},"6":{"line":76,"type":"if","locations":[{"start":{"line":76,"column":36},"end":{"line":76,"column":36}},{"start":{"line":76,"column":36},"end":{"line":76,"column":36}}]},"7":{"line":79,"type":"if","locations":[{"start":{"line":79,"column":36},"end":{"line":79,"column":36}},{"start":{"line":79,"column":36},"end":{"line":79,"column":36}}]},"8":{"line":82,"type":"if","locations":[{"start":{"line":82,"column":36},"end":{"line":82,"column":36}},{"start":{"line":82,"column":36},"end":{"line":82,"column":36}}]},"9":{"line":100,"type":"cond-expr","locations":[{"start":{"line":100,"column":65},"end":{"line":100,"column":80}},{"start":{"line":100,"column":83},"end":{"line":100,"column":88}}]},"10":{"line":104,"type":"if","locations":[{"start":{"line":104,"column":44},"end":{"line":104,"column":44}},{"start":{"line":104,"column":44},"end":{"line":104,"column":44}}]},"11":{"line":104,"type":"binary-expr","locations":[{"start":{"line":104,"column":48},"end":{"line":104,"column":59}},{"start":{"line":104,"column":63},"end":{"line":104,"column":70}}]},"12":{"line":136,"type":"if","locations":[{"start":{"line":136,"column":36},"end":{"line":136,"column":36}},{"start":{"line":136,"column":36},"end":{"line":136,"column":36}}]},"13":{"line":140,"type":"binary-expr","locations":[{"start":{"line":140,"column":47},"end":{"line":140,"column":57}},{"start":{"line":140,"column":62},"end":{"line":140,"column":81}},{"start":{"line":140,"column":85},"end":{"line":140,"column":91}}]},"14":{"line":141,"type":"if","locations":[{"start":{"line":141,"column":44},"end":{"line":141,"column":44}},{"start":{"line":141,"column":44},"end":{"line":141,"column":44}}]},"15":{"line":154,"type":"if","locations":[{"start":{"line":154,"column":32},"end":{"line":154,"column":32}},{"start":{"line":154,"column":32},"end":{"line":154,"column":32}}]},"16":{"line":157,"type":"if","locations":[{"start":{"line":157,"column":32},"end":{"line":157,"column":32}},{"start":{"line":157,"column":32},"end":{"line":157,"column":32}}]},"17":{"line":187,"type":"binary-expr","locations":[{"start":{"line":187,"column":46},"end":{"line":187,"column":52}},{"start":{"line":187,"column":56},"end":{"line":187,"column":58}}]},"18":{"line":189,"type":"if","locations":[{"start":{"line":189,"column":12},"end":{"line":189,"column":12}},{"start":{"line":189,"column":12},"end":{"line":189,"column":12}}]},"19":{"line":194,"type":"if","locations":[{"start":{"line":194,"column":20},"end":{"line":194,"column":20}},{"start":{"line":194,"column":20},"end":{"line":194,"column":20}}]},"20":{"line":194,"type":"binary-expr","locations":[{"start":{"line":194,"column":24},"end":{"line":194,"column":56}},{"start":{"line":194,"column":60},"end":{"line":194,"column":94}}]},"21":{"line":212,"type":"if","locations":[{"start":{"line":212,"column":32},"end":{"line":212,"column":32}},{"start":{"line":212,"column":32},"end":{"line":212,"column":32}}]},"22":{"line":212,"type":"binary-expr","locations":[{"start":{"line":212,"column":36},"end":{"line":212,"column":54}},{"start":{"line":212,"column":58},"end":{"line":212,"column":80}}]},"23":{"line":215,"type":"if","locations":[{"start":{"line":215,"column":32},"end":{"line":215,"column":32}},{"start":{"line":215,"column":32},"end":{"line":215,"column":32}}]},"24":{"line":215,"type":"binary-expr","locations":[{"start":{"line":215,"column":36},"end":{"line":215,"column":61}},{"start":{"line":215,"column":65},"end":{"line":215,"column":104}}]},"25":{"line":243,"type":"if","locations":[{"start":{"line":243,"column":24},"end":{"line":243,"column":24}},{"start":{"line":243,"column":24},"end":{"line":243,"column":24}}]},"26":{"line":254,"type":"if","locations":[{"start":{"line":254,"column":24},"end":{"line":254,"column":24}},{"start":{"line":254,"column":24},"end":{"line":254,"column":24}}]},"27":{"line":254,"type":"binary-expr","locations":[{"start":{"line":254,"column":28},"end":{"line":254,"column":41}},{"start":{"line":254,"column":45},"end":{"line":254,"column":84}}]},"28":{"line":256,"type":"if","locations":[{"start":{"line":256,"column":28},"end":{"line":256,"column":28}},{"start":{"line":256,"column":28},"end":{"line":256,"column":28}}]},"29":{"line":265,"type":"if","locations":[{"start":{"line":265,"column":28},"end":{"line":265,"column":28}},{"start":{"line":265,"column":28},"end":{"line":265,"column":28}}]},"30":{"line":265,"type":"binary-expr","locations":[{"start":{"line":265,"column":32},"end":{"line":265,"column":45}},{"start":{"line":265,"column":49},"end":{"line":265,"column":62}}]},"31":{"line":267,"type":"if","locations":[{"start":{"line":267,"column":32},"end":{"line":267,"column":32}},{"start":{"line":267,"column":32},"end":{"line":267,"column":32}}]},"32":{"line":270,"type":"if","locations":[{"start":{"line":270,"column":32},"end":{"line":270,"column":32}},{"start":{"line":270,"column":32},"end":{"line":270,"column":32}}]},"33":{"line":274,"type":"if","locations":[{"start":{"line":274,"column":37},"end":{"line":274,"column":37}},{"start":{"line":274,"column":37},"end":{"line":274,"column":37}}]},"34":{"line":277,"type":"if","locations":[{"start":{"line":277,"column":37},"end":{"line":277,"column":37}},{"start":{"line":277,"column":37},"end":{"line":277,"column":37}}]},"35":{"line":280,"type":"if","locations":[{"start":{"line":280,"column":37},"end":{"line":280,"column":37}},{"start":{"line":280,"column":37},"end":{"line":280,"column":37}}]},"36":{"line":280,"type":"binary-expr","locations":[{"start":{"line":280,"column":40},"end":{"line":280,"column":53}},{"start":{"line":280,"column":57},"end":{"line":280,"column":71}},{"start":{"line":280,"column":75},"end":{"line":280,"column":87}}]},"37":{"line":283,"type":"if","locations":[{"start":{"line":283,"column":37},"end":{"line":283,"column":37}},{"start":{"line":283,"column":37},"end":{"line":283,"column":37}}]},"38":{"line":290,"type":"if","locations":[{"start":{"line":290,"column":36},"end":{"line":290,"column":36}},{"start":{"line":290,"column":36},"end":{"line":290,"column":36}}]},"39":{"line":292,"type":"if","locations":[{"start":{"line":292,"column":43},"end":{"line":292,"column":43}},{"start":{"line":292,"column":43},"end":{"line":292,"column":43}}]},"40":{"line":297,"type":"if","locations":[{"start":{"line":297,"column":36},"end":{"line":297,"column":36}},{"start":{"line":297,"column":36},"end":{"line":297,"column":36}}]},"41":{"line":297,"type":"binary-expr","locations":[{"start":{"line":297,"column":40},"end":{"line":297,"column":59}},{"start":{"line":297,"column":63},"end":{"line":297,"column":91}}]},"42":{"line":301,"type":"if","locations":[{"start":{"line":301,"column":39},"end":{"line":301,"column":39}},{"start":{"line":301,"column":39},"end":{"line":301,"column":39}}]},"43":{"line":304,"type":"if","locations":[{"start":{"line":304,"column":35},"end":{"line":304,"column":35}},{"start":{"line":304,"column":35},"end":{"line":304,"column":35}}]},"44":{"line":304,"type":"binary-expr","locations":[{"start":{"line":304,"column":39},"end":{"line":304,"column":51}},{"start":{"line":304,"column":55},"end":{"line":304,"column":67}}]},"45":{"line":305,"type":"if","locations":[{"start":{"line":305,"column":32},"end":{"line":305,"column":32}},{"start":{"line":305,"column":32},"end":{"line":305,"column":32}}]},"46":{"line":305,"type":"binary-expr","locations":[{"start":{"line":305,"column":36},"end":{"line":305,"column":46}},{"start":{"line":305,"column":50},"end":{"line":305,"column":64}}]},"47":{"line":306,"type":"if","locations":[{"start":{"line":306,"column":36},"end":{"line":306,"column":36}},{"start":{"line":306,"column":36},"end":{"line":306,"column":36}}]},"48":{"line":306,"type":"binary-expr","locations":[{"start":{"line":306,"column":40},"end":{"line":306,"column":88}},{"start":{"line":306,"column":92},"end":{"line":306,"column":129}}]},"49":{"line":313,"type":"if","locations":[{"start":{"line":313,"column":40},"end":{"line":313,"column":40}},{"start":{"line":313,"column":40},"end":{"line":313,"column":40}}]},"50":{"line":317,"type":"if","locations":[{"start":{"line":317,"column":36},"end":{"line":317,"column":36}},{"start":{"line":317,"column":36},"end":{"line":317,"column":36}}]},"51":{"line":318,"type":"if","locations":[{"start":{"line":318,"column":40},"end":{"line":318,"column":40}},{"start":{"line":318,"column":40},"end":{"line":318,"column":40}}]},"52":{"line":319,"type":"if","locations":[{"start":{"line":319,"column":44},"end":{"line":319,"column":44}},{"start":{"line":319,"column":44},"end":{"line":319,"column":44}}]},"53":{"line":332,"type":"if","locations":[{"start":{"line":332,"column":44},"end":{"line":332,"column":44}},{"start":{"line":332,"column":44},"end":{"line":332,"column":44}}]},"54":{"line":361,"type":"if","locations":[{"start":{"line":361,"column":44},"end":{"line":361,"column":44}},{"start":{"line":361,"column":44},"end":{"line":361,"column":44}}]},"55":{"line":372,"type":"if","locations":[{"start":{"line":372,"column":52},"end":{"line":372,"column":52}},{"start":{"line":372,"column":52},"end":{"line":372,"column":52}}]},"56":{"line":375,"type":"if","locations":[{"start":{"line":375,"column":52},"end":{"line":375,"column":52}},{"start":{"line":375,"column":52},"end":{"line":375,"column":52}}]},"57":{"line":394,"type":"if","locations":[{"start":{"line":394,"column":44},"end":{"line":394,"column":44}},{"start":{"line":394,"column":44},"end":{"line":394,"column":44}}]},"58":{"line":427,"type":"if","locations":[{"start":{"line":427,"column":12},"end":{"line":427,"column":12}},{"start":{"line":427,"column":12},"end":{"line":427,"column":12}}]},"59":{"line":430,"type":"if","locations":[{"start":{"line":430,"column":16},"end":{"line":430,"column":16}},{"start":{"line":430,"column":16},"end":{"line":430,"column":16}}]},"60":{"line":438,"type":"if","locations":[{"start":{"line":438,"column":24},"end":{"line":438,"column":24}},{"start":{"line":438,"column":24},"end":{"line":438,"column":24}}]},"61":{"line":438,"type":"binary-expr","locations":[{"start":{"line":438,"column":28},"end":{"line":438,"column":52}},{"start":{"line":438,"column":56},"end":{"line":438,"column":66}}]},"62":{"line":443,"type":"if","locations":[{"start":{"line":443,"column":20},"end":{"line":443,"column":20}},{"start":{"line":443,"column":20},"end":{"line":443,"column":20}}]},"63":{"line":444,"type":"if","locations":[{"start":{"line":444,"column":24},"end":{"line":444,"column":24}},{"start":{"line":444,"column":24},"end":{"line":444,"column":24}}]},"64":{"line":458,"type":"if","locations":[{"start":{"line":458,"column":8},"end":{"line":458,"column":8}},{"start":{"line":458,"column":8},"end":{"line":458,"column":8}}]},"65":{"line":464,"type":"if","locations":[{"start":{"line":464,"column":8},"end":{"line":464,"column":8}},{"start":{"line":464,"column":8},"end":{"line":464,"column":8}}]},"66":{"line":466,"type":"if","locations":[{"start":{"line":466,"column":8},"end":{"line":466,"column":8}},{"start":{"line":466,"column":8},"end":{"line":466,"column":8}}]},"67":{"line":474,"type":"if","locations":[{"start":{"line":474,"column":12},"end":{"line":474,"column":12}},{"start":{"line":474,"column":12},"end":{"line":474,"column":12}}]},"68":{"line":474,"type":"binary-expr","locations":[{"start":{"line":474,"column":16},"end":{"line":474,"column":39}},{"start":{"line":474,"column":43},"end":{"line":474,"column":64}}]},"69":{"line":475,"type":"if","locations":[{"start":{"line":475,"column":16},"end":{"line":475,"column":16}},{"start":{"line":475,"column":16},"end":{"line":475,"column":16}}]},"70":{"line":488,"type":"if","locations":[{"start":{"line":488,"column":8},"end":{"line":488,"column":8}},{"start":{"line":488,"column":8},"end":{"line":488,"column":8}}]},"71":{"line":512,"type":"if","locations":[{"start":{"line":512,"column":4},"end":{"line":512,"column":4}},{"start":{"line":512,"column":4},"end":{"line":512,"column":4}}]},"72":{"line":518,"type":"cond-expr","locations":[{"start":{"line":518,"column":46},"end":{"line":518,"column":70}},{"start":{"line":518,"column":73},"end":{"line":518,"column":85}}]},"73":{"line":524,"type":"if","locations":[{"start":{"line":524,"column":4},"end":{"line":524,"column":4}},{"start":{"line":524,"column":4},"end":{"line":524,"column":4}}]},"74":{"line":525,"type":"cond-expr","locations":[{"start":{"line":525,"column":35},"end":{"line":525,"column":42}},{"start":{"line":525,"column":45},"end":{"line":525,"column":63}}]}}}}