TN:
SF:D:\New Polymer\polymer-21-03-17\t-search\autocomplete.js
FN:1,(anonymous_1)
FN:3,(anonymous_2)
FN:13,(anonymous_3)
FN:41,(anonymous_4)
FN:43,(anonymous_5)
FN:44,(anonymous_6)
FN:50,(anonymous_7)
FN:55,(anonymous_8)
FN:56,(anonymous_9)
FN:98,(anonymous_10)
FN:99,(anonymous_11)
FN:102,(anonymous_12)
FN:117,(anonymous_13)
FN:178,(anonymous_14)
FN:192,(anonymous_15)
FN:193,(anonymous_16)
FN:198,(anonymous_17)
FN:203,(anonymous_18)
FN:210,(anonymous_19)
FN:231,(anonymous_20)
FN:308,(anonymous_21)
FN:363,(anonymous_22)
FN:369,(anonymous_23)
FN:371,(anonymous_24)
FN:412,(anonymous_25)
FN:457,ajax
FN:473,(anonymous_27)
FN:483,toTitleCase
FN:484,(anonymous_29)
FN:487,closeBox
FN:492,(anonymous_31)
FN:497,merge
FN:511,attr
FN:523,attrClass
FN:529,domCreate
FNF:35
FNH:1
FNDA:1,(anonymous_1)
FNDA:0,(anonymous_2)
FNDA:0,(anonymous_3)
FNDA:0,(anonymous_4)
FNDA:0,(anonymous_5)
FNDA:0,(anonymous_6)
FNDA:0,(anonymous_7)
FNDA:0,(anonymous_8)
FNDA:0,(anonymous_9)
FNDA:0,(anonymous_10)
FNDA:0,(anonymous_11)
FNDA:0,(anonymous_12)
FNDA:0,(anonymous_13)
FNDA:0,(anonymous_14)
FNDA:0,(anonymous_15)
FNDA:0,(anonymous_16)
FNDA:0,(anonymous_17)
FNDA:0,(anonymous_18)
FNDA:0,(anonymous_19)
FNDA:0,(anonymous_20)
FNDA:0,(anonymous_21)
FNDA:0,(anonymous_22)
FNDA:0,(anonymous_23)
FNDA:0,(anonymous_24)
FNDA:0,(anonymous_25)
FNDA:0,ajax
FNDA:0,(anonymous_27)
FNDA:0,toTitleCase
FNDA:0,(anonymous_29)
FNDA:0,closeBox
FNDA:0,(anonymous_31)
FNDA:0,merge
FNDA:0,attr
FNDA:0,attrClass
FNDA:0,domCreate
DA:1,1
DA:3,1
DA:5,0
DA:6,0
DA:14,0
DA:15,0
DA:16,0
DA:17,0
DA:18,0
DA:20,0
DA:21,0
DA:22,0
DA:23,0
DA:24,0
DA:25,0
DA:26,0
DA:27,0
DA:28,0
DA:29,0
DA:30,0
DA:31,0
DA:32,0
DA:33,0
DA:34,0
DA:35,0
DA:36,0
DA:37,0
DA:39,0
DA:42,0
DA:43,0
DA:44,0
DA:45,0
DA:51,0
DA:52,0
DA:53,0
DA:56,0
DA:57,0
DA:59,0
DA:63,0
DA:64,0
DA:65,0
DA:66,0
DA:67,0
DA:68,0
DA:70,0
DA:71,0
DA:72,0
DA:73,0
DA:74,0
DA:75,0
DA:76,0
DA:77,0
DA:79,0
DA:80,0
DA:82,0
DA:83,0
DA:85,0
DA:87,0
DA:88,0
DA:89,0
DA:90,0
DA:91,0
DA:92,0
DA:95,0
DA:98,0
DA:100,0
DA:103,0
DA:104,0
DA:105,0
DA:108,0
DA:110,0
DA:111,0
DA:112,0
DA:113,0
DA:114,0
DA:115,0
DA:118,0
DA:119,0
DA:120,0
DA:121,0
DA:122,0
DA:123,0
DA:124,0
DA:125,0
DA:126,0
DA:136,0
DA:137,0
DA:138,0
DA:139,0
DA:140,0
DA:141,0
DA:142,0
DA:143,0
DA:149,0
DA:150,0
DA:151,0
DA:154,0
DA:155,0
DA:157,0
DA:158,0
DA:159,0
DA:160,0
DA:161,0
DA:162,0
DA:163,0
DA:166,0
DA:168,0
DA:169,0
DA:172,0
DA:175,0
DA:179,0
DA:186,0
DA:187,0
DA:188,0
DA:189,0
DA:190,0
DA:192,0
DA:193,0
DA:194,0
DA:195,0
DA:199,0
DA:204,0
DA:205,0
DA:206,0
DA:207,0
DA:208,0
DA:211,0
DA:212,0
DA:213,0
DA:215,0
DA:216,0
DA:220,0
DA:221,0
DA:222,0
DA:223,0
DA:224,0
DA:225,0
DA:226,0
DA:227,0
DA:231,0
DA:232,0
DA:243,0
DA:244,0
DA:245,0
DA:248,0
DA:249,0
DA:250,0
DA:254,0
DA:255,0
DA:256,0
DA:257,0
DA:258,0
DA:259,0
DA:265,0
DA:266,0
DA:267,0
DA:268,0
DA:270,0
DA:271,0
DA:272,0
DA:274,0
DA:275,0
DA:277,0
DA:278,0
DA:280,0
DA:281,0
DA:283,0
DA:284,0
DA:287,0
DA:289,0
DA:290,0
DA:291,0
DA:292,0
DA:293,0
DA:295,0
DA:297,0
DA:298,0
DA:300,0
DA:301,0
DA:302,0
DA:304,0
DA:305,0
DA:306,0
DA:307,0
DA:308,0
DA:309,0
DA:313,0
DA:314,0
DA:317,0
DA:318,0
DA:319,0
DA:320,0
DA:321,0
DA:322,0
DA:323,0
DA:324,0
DA:326,0
DA:327,0
DA:328,0
DA:329,0
DA:330,0
DA:332,0
DA:333,0
DA:334,0
DA:335,0
DA:336,0
DA:337,0
DA:338,0
DA:339,0
DA:341,0
DA:342,0
DA:343,0
DA:344,0
DA:347,0
DA:348,0
DA:349,0
DA:350,0
DA:351,0
DA:354,0
DA:355,0
DA:356,0
DA:357,0
DA:358,0
DA:359,0
DA:361,0
DA:362,0
DA:363,0
DA:364,0
DA:367,0
DA:368,0
DA:369,0
DA:370,0
DA:371,0
DA:372,0
DA:373,0
DA:375,0
DA:376,0
DA:377,0
DA:378,0
DA:380,0
DA:381,0
DA:382,0
DA:383,0
DA:384,0
DA:385,0
DA:386,0
DA:393,0
DA:394,0
DA:395,0
DA:407,0
DA:411,1
DA:413,0
DA:427,0
DA:428,0
DA:430,0
DA:431,0
DA:433,0
DA:434,0
DA:437,0
DA:438,0
DA:439,0
DA:443,0
DA:444,0
DA:445,0
DA:447,0
DA:450,0
DA:452,0
DA:457,1
DA:458,0
DA:459,0
DA:461,0
DA:463,0
DA:464,0
DA:465,0
DA:466,0
DA:467,0
DA:469,0
DA:470,0
DA:471,0
DA:472,0
DA:473,0
DA:474,0
DA:475,0
DA:476,0
DA:480,0
DA:481,0
DA:483,1
DA:484,0
DA:487,1
DA:488,0
DA:489,0
DA:492,0
DA:497,1
DA:498,0
DA:500,0
DA:501,0
DA:503,0
DA:504,0
DA:506,0
DA:508,1
DA:511,1
DA:512,0
DA:513,0
DA:514,0
DA:515,0
DA:518,0
DA:523,1
DA:524,0
DA:525,0
DA:529,1
DA:530,0
LF:311
LH:11
BRDA:5,1,0,0
BRDA:5,1,1,0
BRDA:17,2,0,0
BRDA:17,2,1,0
BRDA:26,3,0,0
BRDA:26,3,1,0
BRDA:52,4,0,0
BRDA:52,4,1,0
BRDA:65,5,0,0
BRDA:65,5,1,0
BRDA:76,6,0,0
BRDA:76,6,1,0
BRDA:79,7,0,0
BRDA:79,7,1,0
BRDA:82,8,0,0
BRDA:82,8,1,0
BRDA:100,9,0,0
BRDA:100,9,1,0
BRDA:104,10,0,0
BRDA:104,10,1,0
BRDA:104,11,0,0
BRDA:104,11,1,0
BRDA:136,12,0,0
BRDA:136,12,1,0
BRDA:140,13,0,0
BRDA:140,13,1,0
BRDA:140,13,2,0
BRDA:141,14,0,0
BRDA:141,14,1,0
BRDA:154,15,0,0
BRDA:154,15,1,0
BRDA:157,16,0,0
BRDA:157,16,1,0
BRDA:187,17,0,0
BRDA:187,17,1,0
BRDA:189,18,0,0
BRDA:189,18,1,0
BRDA:194,19,0,0
BRDA:194,19,1,0
BRDA:194,20,0,0
BRDA:194,20,1,0
BRDA:212,21,0,0
BRDA:212,21,1,0
BRDA:212,22,0,0
BRDA:212,22,1,0
BRDA:215,23,0,0
BRDA:215,23,1,0
BRDA:215,24,0,0
BRDA:215,24,1,0
BRDA:243,25,0,0
BRDA:243,25,1,0
BRDA:254,26,0,0
BRDA:254,26,1,0
BRDA:254,27,0,0
BRDA:254,27,1,0
BRDA:256,28,0,0
BRDA:256,28,1,0
BRDA:265,29,0,0
BRDA:265,29,1,0
BRDA:265,30,0,0
BRDA:265,30,1,0
BRDA:267,31,0,0
BRDA:267,31,1,0
BRDA:270,32,0,0
BRDA:270,32,1,0
BRDA:274,33,0,0
BRDA:274,33,1,0
BRDA:277,34,0,0
BRDA:277,34,1,0
BRDA:280,35,0,0
BRDA:280,35,1,0
BRDA:280,36,0,0
BRDA:280,36,1,0
BRDA:280,36,2,0
BRDA:283,37,0,0
BRDA:283,37,1,0
BRDA:290,38,0,0
BRDA:290,38,1,0
BRDA:292,39,0,0
BRDA:292,39,1,0
BRDA:297,40,0,0
BRDA:297,40,1,0
BRDA:297,41,0,0
BRDA:297,41,1,0
BRDA:301,42,0,0
BRDA:301,42,1,0
BRDA:304,43,0,0
BRDA:304,43,1,0
BRDA:304,44,0,0
BRDA:304,44,1,0
BRDA:305,45,0,0
BRDA:305,45,1,0
BRDA:305,46,0,0
BRDA:305,46,1,0
BRDA:306,47,0,0
BRDA:306,47,1,0
BRDA:306,48,0,0
BRDA:306,48,1,0
BRDA:313,49,0,0
BRDA:313,49,1,0
BRDA:317,50,0,0
BRDA:317,50,1,0
BRDA:318,51,0,0
BRDA:318,51,1,0
BRDA:319,52,0,0
BRDA:319,52,1,0
BRDA:332,53,0,0
BRDA:332,53,1,0
BRDA:361,54,0,0
BRDA:361,54,1,0
BRDA:372,55,0,0
BRDA:372,55,1,0
BRDA:375,56,0,0
BRDA:375,56,1,0
BRDA:394,57,0,0
BRDA:394,57,1,0
BRDA:427,58,0,0
BRDA:427,58,1,0
BRDA:430,59,0,0
BRDA:430,59,1,0
BRDA:438,60,0,0
BRDA:438,60,1,0
BRDA:438,61,0,0
BRDA:438,61,1,0
BRDA:443,62,0,0
BRDA:443,62,1,0
BRDA:444,63,0,0
BRDA:444,63,1,0
BRDA:458,64,0,0
BRDA:458,64,1,0
BRDA:464,65,0,0
BRDA:464,65,1,0
BRDA:466,66,0,0
BRDA:466,66,1,0
BRDA:474,67,0,0
BRDA:474,67,1,0
BRDA:474,68,0,0
BRDA:474,68,1,0
BRDA:475,69,0,0
BRDA:475,69,1,0
BRDA:488,70,0,0
BRDA:488,70,1,0
BRDA:512,71,0,0
BRDA:512,71,1,0
BRDA:518,72,0,0
BRDA:518,72,1,0
BRDA:524,73,0,0
BRDA:524,73,1,0
BRDA:525,74,0,0
BRDA:525,74,1,0
BRF:150
BRH:0
end_of_record
